C:\Users\PETETOSH\source\repos\Sweep\Sweep\dist\out-tsc\ClientApp\app\Score.js
C:\Users\PETETOSH\source\repos\Sweep\Sweep\dist\out-tsc\ClientApp\app\Score.js.map
C:\Users\PETETOSH\source\repos\Sweep\Sweep\dist\out-tsc\ClientApp\app\ScoreCard.js
C:\Users\PETETOSH\source\repos\Sweep\Sweep\dist\out-tsc\ClientApp\app\ScoreCard.js.map
C:\Users\PETETOSH\source\repos\Sweep\Sweep\dist\out-tsc\ClientApp\app\Entry.js
C:\Users\PETETOSH\source\repos\Sweep\Sweep\dist\out-tsc\ClientApp\app\Entry.js.map
C:\Users\PETETOSH\source\repos\Sweep\Sweep\dist\out-tsc\ClientApp\app\Player.js
C:\Users\PETETOSH\source\repos\Sweep\Sweep\dist\out-tsc\ClientApp\app\Player.js.map
C:\Users\PETETOSH\source\repos\Sweep\Sweep\dist\out-tsc\ClientApp\app\Event.js
C:\Users\PETETOSH\source\repos\Sweep\Sweep\dist\out-tsc\ClientApp\app\Event.js.map
C:\Users\PETETOSH\source\repos\Sweep\Sweep\dist\out-tsc\ClientApp\app\message.service.js
C:\Users\PETETOSH\source\repos\Sweep\Sweep\dist\out-tsc\ClientApp\app\message.service.js.map
C:\Users\PETETOSH\source\repos\Sweep\Sweep\dist\out-tsc\ClientApp\app\Leaderboard.js
C:\Users\PETETOSH\source\repos\Sweep\Sweep\dist\out-tsc\ClientApp\app\Leaderboard.js.map
C:\Users\PETETOSH\source\repos\Sweep\Sweep\dist\out-tsc\ClientApp\app\SweepApproval.js
C:\Users\PETETOSH\source\repos\Sweep\Sweep\dist\out-tsc\ClientApp\app\SweepApproval.js.map
C:\Users\PETETOSH\source\repos\Sweep\Sweep\dist\out-tsc\ClientApp\app\Sweep.js
C:\Users\PETETOSH\source\repos\Sweep\Sweep\dist\out-tsc\ClientApp\app\Sweep.js.map
C:\Users\PETETOSH\source\repos\Sweep\Sweep\dist\out-tsc\ClientApp\app\PlayerEntryForm.js
C:\Users\PETETOSH\source\repos\Sweep\Sweep\dist\out-tsc\ClientApp\app\PlayerEntryForm.js.map
C:\Users\PETETOSH\source\repos\Sweep\Sweep\dist\out-tsc\ClientApp\app\UpdateHandicap.js
C:\Users\PETETOSH\source\repos\Sweep\Sweep\dist\out-tsc\ClientApp\app\UpdateHandicap.js.map
C:\Users\PETETOSH\source\repos\Sweep\Sweep\dist\out-tsc\ClientApp\app\EventForm.js
C:\Users\PETETOSH\source\repos\Sweep\Sweep\dist\out-tsc\ClientApp\app\EventForm.js.map
C:\Users\PETETOSH\source\repos\Sweep\Sweep\dist\out-tsc\ClientApp\app\SweepForm.js
C:\Users\PETETOSH\source\repos\Sweep\Sweep\dist\out-tsc\ClientApp\app\SweepForm.js.map
C:\Users\PETETOSH\source\repos\Sweep\Sweep\dist\out-tsc\ClientApp\app\sweep.service.js
C:\Users\PETETOSH\source\repos\Sweep\Sweep\dist\out-tsc\ClientApp\app\sweep.service.js.map
C:\Users\PETETOSH\source\repos\Sweep\Sweep\dist\out-tsc\ClientApp\app\ScrollPositionRestore.js
C:\Users\PETETOSH\source\repos\Sweep\Sweep\dist\out-tsc\ClientApp\app\ScrollPositionRestore.js.map
C:\Users\PETETOSH\source\repos\Sweep\Sweep\dist\out-tsc\ClientApp\app\UserAuth.js
C:\Users\PETETOSH\source\repos\Sweep\Sweep\dist\out-tsc\ClientApp\app\UserAuth.js.map
C:\Users\PETETOSH\source\repos\Sweep\Sweep\dist\out-tsc\ClientApp\app\auth.service.js
C:\Users\PETETOSH\source\repos\Sweep\Sweep\dist\out-tsc\ClientApp\app\auth.service.js.map
C:\Users\PETETOSH\source\repos\Sweep\Sweep\dist\out-tsc\ClientApp\app\app.component.js
C:\Users\PETETOSH\source\repos\Sweep\Sweep\dist\out-tsc\ClientApp\app\app.component.js.map
C:\Users\PETETOSH\source\repos\Sweep\Sweep\dist\out-tsc\ClientApp\app\sweeps\sweeps.component.js
C:\Users\PETETOSH\source\repos\Sweep\Sweep\dist\out-tsc\ClientApp\app\sweeps\sweeps.component.js.map
C:\Users\PETETOSH\source\repos\Sweep\Sweep\dist\out-tsc\ClientApp\app\events\events.component.js
C:\Users\PETETOSH\source\repos\Sweep\Sweep\dist\out-tsc\ClientApp\app\events\events.component.js.map
C:\Users\PETETOSH\source\repos\Sweep\Sweep\dist\out-tsc\ClientApp\app\event-detail\event-detail.component.js
C:\Users\PETETOSH\source\repos\Sweep\Sweep\dist\out-tsc\ClientApp\app\event-detail\event-detail.component.js.map
C:\Users\PETETOSH\source\repos\Sweep\Sweep\dist\out-tsc\ClientApp\app\messages\messages.component.js
C:\Users\PETETOSH\source\repos\Sweep\Sweep\dist\out-tsc\ClientApp\app\messages\messages.component.js.map
C:\Users\PETETOSH\source\repos\Sweep\Sweep\dist\out-tsc\ClientApp\app\dashboard\dashboard.component.js
C:\Users\PETETOSH\source\repos\Sweep\Sweep\dist\out-tsc\ClientApp\app\dashboard\dashboard.component.js.map
C:\Users\PETETOSH\source\repos\Sweep\Sweep\dist\out-tsc\ClientApp\app\play-event\play-event.component.js
C:\Users\PETETOSH\source\repos\Sweep\Sweep\dist\out-tsc\ClientApp\app\play-event\play-event.component.js.map
C:\Users\PETETOSH\source\repos\Sweep\Sweep\dist\out-tsc\ClientApp\app\score-card\score-card.component.js
C:\Users\PETETOSH\source\repos\Sweep\Sweep\dist\out-tsc\ClientApp\app\score-card\score-card.component.js.map
C:\Users\PETETOSH\source\repos\Sweep\Sweep\dist\out-tsc\ClientApp\app\enter-score-card\enter-score-card.component.js
C:\Users\PETETOSH\source\repos\Sweep\Sweep\dist\out-tsc\ClientApp\app\enter-score-card\enter-score-card.component.js.map
C:\Users\PETETOSH\source\repos\Sweep\Sweep\dist\out-tsc\ClientApp\app\leaderboard\leaderboard.component.js
C:\Users\PETETOSH\source\repos\Sweep\Sweep\dist\out-tsc\ClientApp\app\leaderboard\leaderboard.component.js.map
C:\Users\PETETOSH\source\repos\Sweep\Sweep\dist\out-tsc\ClientApp\app\sweep-detail\sweep-detail.component.js
C:\Users\PETETOSH\source\repos\Sweep\Sweep\dist\out-tsc\ClientApp\app\sweep-detail\sweep-detail.component.js.map
C:\Users\PETETOSH\source\repos\Sweep\Sweep\dist\out-tsc\ClientApp\app\event-results\event-results.component.js
C:\Users\PETETOSH\source\repos\Sweep\Sweep\dist\out-tsc\ClientApp\app\event-results\event-results.component.js.map
C:\Users\PETETOSH\source\repos\Sweep\Sweep\dist\out-tsc\ClientApp\app\player-detail\player-detail.component.js
C:\Users\PETETOSH\source\repos\Sweep\Sweep\dist\out-tsc\ClientApp\app\player-detail\player-detail.component.js.map
C:\Users\PETETOSH\source\repos\Sweep\Sweep\dist\out-tsc\ClientApp\app\user-player\user-player.component.js
C:\Users\PETETOSH\source\repos\Sweep\Sweep\dist\out-tsc\ClientApp\app\user-player\user-player.component.js.map
C:\Users\PETETOSH\source\repos\Sweep\Sweep\dist\out-tsc\ClientApp\app\virtual-match-play\virtual-match-play.component.js
C:\Users\PETETOSH\source\repos\Sweep\Sweep\dist\out-tsc\ClientApp\app\virtual-match-play\virtual-match-play.component.js.map
C:\Users\PETETOSH\source\repos\Sweep\Sweep\dist\out-tsc\ClientApp\app\sweeps-admin\sweeps-admin.component.js
C:\Users\PETETOSH\source\repos\Sweep\Sweep\dist\out-tsc\ClientApp\app\sweeps-admin\sweeps-admin.component.js.map
C:\Users\PETETOSH\source\repos\Sweep\Sweep\dist\out-tsc\ClientApp\app\app-routing.module.js
C:\Users\PETETOSH\source\repos\Sweep\Sweep\dist\out-tsc\ClientApp\app\app-routing.module.js.map
C:\Users\PETETOSH\source\repos\Sweep\Sweep\dist\out-tsc\ClientApp\app\app.module.js
C:\Users\PETETOSH\source\repos\Sweep\Sweep\dist\out-tsc\ClientApp\app\app.module.js.map
C:\Users\PETETOSH\source\repos\Sweep\Sweep\dist\out-tsc\ClientApp\environments\environment.js
C:\Users\PETETOSH\source\repos\Sweep\Sweep\dist\out-tsc\ClientApp\environments\environment.js.map
C:\Users\PETETOSH\source\repos\Sweep\Sweep\dist\out-tsc\ClientApp\main.js
C:\Users\PETETOSH\source\repos\Sweep\Sweep\dist\out-tsc\ClientApp\main.js.map
C:\Users\PETETOSH\source\repos\Sweep\Sweep\dist\out-tsc\ClientApp\polyfills.js
C:\Users\PETETOSH\source\repos\Sweep\Sweep\dist\out-tsc\ClientApp\polyfills.js.map
C:\Users\PETETOSH\source\repos\Sweep\Sweep\dist\out-tsc\ClientApp\test.js
C:\Users\PETETOSH\source\repos\Sweep\Sweep\dist\out-tsc\ClientApp\test.js.map
C:\Users\PETETOSH\source\repos\Sweep\Sweep\dist\out-tsc\ClientApp\app\app.component.spec.js
C:\Users\PETETOSH\source\repos\Sweep\Sweep\dist\out-tsc\ClientApp\app\app.component.spec.js.map
C:\Users\PETETOSH\source\repos\Sweep\Sweep\dist\out-tsc\ClientApp\app\auth.service.spec.js
C:\Users\PETETOSH\source\repos\Sweep\Sweep\dist\out-tsc\ClientApp\app\auth.service.spec.js.map
C:\Users\PETETOSH\source\repos\Sweep\Sweep\dist\out-tsc\ClientApp\app\events.service.js
C:\Users\PETETOSH\source\repos\Sweep\Sweep\dist\out-tsc\ClientApp\app\events.service.js.map
C:\Users\PETETOSH\source\repos\Sweep\Sweep\dist\out-tsc\ClientApp\app\events.service.spec.js
C:\Users\PETETOSH\source\repos\Sweep\Sweep\dist\out-tsc\ClientApp\app\events.service.spec.js.map
C:\Users\PETETOSH\source\repos\Sweep\Sweep\dist\out-tsc\ClientApp\app\message.service.spec.js
C:\Users\PETETOSH\source\repos\Sweep\Sweep\dist\out-tsc\ClientApp\app\message.service.spec.js.map
C:\Users\PETETOSH\source\repos\Sweep\Sweep\dist\out-tsc\ClientApp\app\sweep.service.spec.js
C:\Users\PETETOSH\source\repos\Sweep\Sweep\dist\out-tsc\ClientApp\app\sweep.service.spec.js.map
C:\Users\PETETOSH\source\repos\Sweep\Sweep\dist\out-tsc\ClientApp\app\dashboard\dashboard.component.spec.js
C:\Users\PETETOSH\source\repos\Sweep\Sweep\dist\out-tsc\ClientApp\app\dashboard\dashboard.component.spec.js.map
C:\Users\PETETOSH\source\repos\Sweep\Sweep\dist\out-tsc\ClientApp\app\enter-score-card\enter-score-card.component.spec.js
C:\Users\PETETOSH\source\repos\Sweep\Sweep\dist\out-tsc\ClientApp\app\enter-score-card\enter-score-card.component.spec.js.map
C:\Users\PETETOSH\source\repos\Sweep\Sweep\dist\out-tsc\ClientApp\app\event-detail\event-detail.component.spec.js
C:\Users\PETETOSH\source\repos\Sweep\Sweep\dist\out-tsc\ClientApp\app\event-detail\event-detail.component.spec.js.map
C:\Users\PETETOSH\source\repos\Sweep\Sweep\dist\out-tsc\ClientApp\app\event-results\event-results.component.spec.js
C:\Users\PETETOSH\source\repos\Sweep\Sweep\dist\out-tsc\ClientApp\app\event-results\event-results.component.spec.js.map
C:\Users\PETETOSH\source\repos\Sweep\Sweep\dist\out-tsc\ClientApp\app\events\events.component.spec.js
C:\Users\PETETOSH\source\repos\Sweep\Sweep\dist\out-tsc\ClientApp\app\events\events.component.spec.js.map
C:\Users\PETETOSH\source\repos\Sweep\Sweep\dist\out-tsc\ClientApp\app\leaderboard\leaderboard.component.spec.js
C:\Users\PETETOSH\source\repos\Sweep\Sweep\dist\out-tsc\ClientApp\app\leaderboard\leaderboard.component.spec.js.map
C:\Users\PETETOSH\source\repos\Sweep\Sweep\dist\out-tsc\ClientApp\app\messages\messages.component.spec.js
C:\Users\PETETOSH\source\repos\Sweep\Sweep\dist\out-tsc\ClientApp\app\messages\messages.component.spec.js.map
C:\Users\PETETOSH\source\repos\Sweep\Sweep\dist\out-tsc\ClientApp\app\play-event\play-event.component.spec.js
C:\Users\PETETOSH\source\repos\Sweep\Sweep\dist\out-tsc\ClientApp\app\play-event\play-event.component.spec.js.map
C:\Users\PETETOSH\source\repos\Sweep\Sweep\dist\out-tsc\ClientApp\app\player-detail\player-detail.component.spec.js
C:\Users\PETETOSH\source\repos\Sweep\Sweep\dist\out-tsc\ClientApp\app\player-detail\player-detail.component.spec.js.map
C:\Users\PETETOSH\source\repos\Sweep\Sweep\dist\out-tsc\ClientApp\app\score-card\score-card.component.spec.js
C:\Users\PETETOSH\source\repos\Sweep\Sweep\dist\out-tsc\ClientApp\app\score-card\score-card.component.spec.js.map
C:\Users\PETETOSH\source\repos\Sweep\Sweep\dist\out-tsc\ClientApp\app\sweep-detail\sweep-detail.component.spec.js
C:\Users\PETETOSH\source\repos\Sweep\Sweep\dist\out-tsc\ClientApp\app\sweep-detail\sweep-detail.component.spec.js.map
C:\Users\PETETOSH\source\repos\Sweep\Sweep\dist\out-tsc\ClientApp\app\sweeps\sweeps.component.spec.js
C:\Users\PETETOSH\source\repos\Sweep\Sweep\dist\out-tsc\ClientApp\app\sweeps\sweeps.component.spec.js.map
C:\Users\PETETOSH\source\repos\Sweep\Sweep\dist\out-tsc\ClientApp\app\sweeps-admin\sweeps-admin.component.spec.js
C:\Users\PETETOSH\source\repos\Sweep\Sweep\dist\out-tsc\ClientApp\app\sweeps-admin\sweeps-admin.component.spec.js.map
C:\Users\PETETOSH\source\repos\Sweep\Sweep\dist\out-tsc\ClientApp\app\user-player\user-player.component.spec.js
C:\Users\PETETOSH\source\repos\Sweep\Sweep\dist\out-tsc\ClientApp\app\user-player\user-player.component.spec.js.map
C:\Users\PETETOSH\source\repos\Sweep\Sweep\dist\out-tsc\ClientApp\app\virtual-match-play\virtual-match-play.component.spec.js
C:\Users\PETETOSH\source\repos\Sweep\Sweep\dist\out-tsc\ClientApp\app\virtual-match-play\virtual-match-play.component.spec.js.map
C:\Users\PETETOSH\source\repos\Sweep\Sweep\dist\out-tsc\ClientApp\environments\environment.prod.js
C:\Users\PETETOSH\source\repos\Sweep\Sweep\dist\out-tsc\ClientApp\environments\environment.prod.js.map
C:\Users\PETETOSH\source\repos\Sweep\Sweep\dist\out-tsc\sweepApp\e2e\src\app.po.js
C:\Users\PETETOSH\source\repos\Sweep\Sweep\dist\out-tsc\sweepApp\e2e\src\app.po.js.map
C:\Users\PETETOSH\source\repos\Sweep\Sweep\dist\out-tsc\sweepApp\e2e\src\app.e2e-spec.js
C:\Users\PETETOSH\source\repos\Sweep\Sweep\dist\out-tsc\sweepApp\e2e\src\app.e2e-spec.js.map
C:\Users\PETETOSH\source\repos\Sweep\Sweep\dist\out-tsc\sweepApp\src\app\app.component.js
C:\Users\PETETOSH\source\repos\Sweep\Sweep\dist\out-tsc\sweepApp\src\app\app.component.js.map
C:\Users\PETETOSH\source\repos\Sweep\Sweep\dist\out-tsc\sweepApp\src\app\app.module.js
C:\Users\PETETOSH\source\repos\Sweep\Sweep\dist\out-tsc\sweepApp\src\app\app.module.js.map
C:\Users\PETETOSH\source\repos\Sweep\Sweep\dist\out-tsc\sweepApp\src\environments\environment.js
C:\Users\PETETOSH\source\repos\Sweep\Sweep\dist\out-tsc\sweepApp\src\environments\environment.js.map
C:\Users\PETETOSH\source\repos\Sweep\Sweep\dist\out-tsc\sweepApp\src\main.js
C:\Users\PETETOSH\source\repos\Sweep\Sweep\dist\out-tsc\sweepApp\src\main.js.map
C:\Users\PETETOSH\source\repos\Sweep\Sweep\dist\out-tsc\sweepApp\src\polyfills.js
C:\Users\PETETOSH\source\repos\Sweep\Sweep\dist\out-tsc\sweepApp\src\polyfills.js.map
C:\Users\PETETOSH\source\repos\Sweep\Sweep\dist\out-tsc\sweepApp\src\test.js
C:\Users\PETETOSH\source\repos\Sweep\Sweep\dist\out-tsc\sweepApp\src\test.js.map
C:\Users\PETETOSH\source\repos\Sweep\Sweep\dist\out-tsc\sweepApp\src\app\app.component.spec.js
C:\Users\PETETOSH\source\repos\Sweep\Sweep\dist\out-tsc\sweepApp\src\app\app.component.spec.js.map
C:\Users\PETETOSH\source\repos\Sweep\Sweep\dist\out-tsc\sweepApp\src\environments\environment.prod.js
C:\Users\PETETOSH\source\repos\Sweep\Sweep\dist\out-tsc\sweepApp\src\environments\environment.prod.js.map
